<?xml version="1.0" encoding="UTF-8"?>
<testsuite xmlns:xsi="http://www.w3.org/2001/XMLSchema-instance" xsi:noNamespaceSchemaLocation="https://maven.apache.org/surefire/maven-surefire-plugin/xsd/surefire-test-report-3.0.xsd" version="3.0" name="TestSuite" time="1,673.117" tests="76" errors="0" skipped="0" failures="10">
  <properties>
    <property name="gopherProxySet" value="false"/>
    <property name="awt.toolkit" value="sun.lwawt.macosx.LWCToolkit"/>
    <property name="file.encoding.pkg" value="sun.io"/>
    <property name="java.specification.version" value="1.8"/>
    <property name="sun.cpu.isalist" value=""/>
    <property name="sun.jnu.encoding" value="UTF-8"/>
    <property name="java.class.path" value="/Users/joshuasmba/Documents/amazon/Web-Automation-Framkework/Ebay/target/test-classes:/Users/joshuasmba/Documents/amazon/Web-Automation-Framkework/Ebay/target/classes:/Users/joshuasmba/Documents/amazon/Web-Automation-Framkework/Generic/target/classes:/Users/joshuasmba/.m2/repository/org/testng/testng/6.14.3/testng-6.14.3.jar:/Users/joshuasmba/.m2/repository/com/beust/jcommander/1.72/jcommander-1.72.jar:/Users/joshuasmba/.m2/repository/org/apache-extras/beanshell/bsh/2.0b6/bsh-2.0b6.jar:/Users/joshuasmba/.m2/repository/org/seleniumhq/selenium/selenium-java/3.141.59/selenium-java-3.141.59.jar:/Users/joshuasmba/.m2/repository/org/seleniumhq/selenium/selenium-api/3.141.59/selenium-api-3.141.59.jar:/Users/joshuasmba/.m2/repository/org/seleniumhq/selenium/selenium-chrome-driver/3.141.59/selenium-chrome-driver-3.141.59.jar:/Users/joshuasmba/.m2/repository/org/seleniumhq/selenium/selenium-edge-driver/3.141.59/selenium-edge-driver-3.141.59.jar:/Users/joshuasmba/.m2/repository/org/seleniumhq/selenium/selenium-firefox-driver/3.141.59/selenium-firefox-driver-3.141.59.jar:/Users/joshuasmba/.m2/repository/org/seleniumhq/selenium/selenium-ie-driver/3.141.59/selenium-ie-driver-3.141.59.jar:/Users/joshuasmba/.m2/repository/org/seleniumhq/selenium/selenium-opera-driver/3.141.59/selenium-opera-driver-3.141.59.jar:/Users/joshuasmba/.m2/repository/org/seleniumhq/selenium/selenium-remote-driver/3.141.59/selenium-remote-driver-3.141.59.jar:/Users/joshuasmba/.m2/repository/org/seleniumhq/selenium/selenium-safari-driver/3.141.59/selenium-safari-driver-3.141.59.jar:/Users/joshuasmba/.m2/repository/org/seleniumhq/selenium/selenium-support/3.141.59/selenium-support-3.141.59.jar:/Users/joshuasmba/.m2/repository/net/bytebuddy/byte-buddy/1.8.15/byte-buddy-1.8.15.jar:/Users/joshuasmba/.m2/repository/org/apache/commons/commons-exec/1.3/commons-exec-1.3.jar:/Users/joshuasmba/.m2/repository/com/google/guava/guava/25.0-jre/guava-25.0-jre.jar:/Users/joshuasmba/.m2/repository/org/checkerframework/checker-compat-qual/2.0.0/checker-compat-qual-2.0.0.jar:/Users/joshuasmba/.m2/repository/com/google/errorprone/error_prone_annotations/2.1.3/error_prone_annotations-2.1.3.jar:/Users/joshuasmba/.m2/repository/com/google/j2objc/j2objc-annotations/1.1/j2objc-annotations-1.1.jar:/Users/joshuasmba/.m2/repository/org/codehaus/mojo/animal-sniffer-annotations/1.14/animal-sniffer-annotations-1.14.jar:/Users/joshuasmba/.m2/repository/com/squareup/okhttp3/okhttp/3.11.0/okhttp-3.11.0.jar:/Users/joshuasmba/.m2/repository/com/squareup/okio/okio/1.14.0/okio-1.14.0.jar:/Users/joshuasmba/.m2/repository/org/seleniumhq/selenium/selenium-server/3.141.59/selenium-server-3.141.59.jar:/Users/joshuasmba/.m2/repository/net/jcip/jcip-annotations/1.0/jcip-annotations-1.0.jar:/Users/joshuasmba/.m2/repository/org/seleniumhq/selenium/jetty-repacked/9.4.12.v20180830/jetty-repacked-9.4.12.v20180830.jar:/Users/joshuasmba/.m2/repository/javax/servlet/javax.servlet-api/3.1.0/javax.servlet-api-3.1.0.jar:/Users/joshuasmba/.m2/repository/org/yaml/snakeyaml/1.19/snakeyaml-1.19.jar:/Users/joshuasmba/.m2/repository/com/aventstack/extentreports/3.0.7/extentreports-3.0.7.jar:/Users/joshuasmba/.m2/repository/org/freemarker/freemarker/2.3.23/freemarker-2.3.23.jar:/Users/joshuasmba/.m2/repository/org/mongodb/mongodb-driver/3.3.0/mongodb-driver-3.3.0.jar:/Users/joshuasmba/.m2/repository/org/mongodb/bson/3.3.0/bson-3.3.0.jar:/Users/joshuasmba/.m2/repository/org/mongodb/mongodb-driver-core/3.3.0/mongodb-driver-core-3.3.0.jar:/Users/joshuasmba/.m2/repository/org/apache/httpcomponents/httpclient/4.5.2/httpclient-4.5.2.jar:/Users/joshuasmba/.m2/repository/org/apache/httpcomponents/httpcore/4.4.4/httpcore-4.4.4.jar:/Users/joshuasmba/.m2/repository/commons-logging/commons-logging/1.2/commons-logging-1.2.jar:/Users/joshuasmba/.m2/repository/org/apache/httpcomponents/httpmime/4.5.2/httpmime-4.5.2.jar:/Users/joshuasmba/.m2/repository/org/jsoup/jsoup/1.9.2/jsoup-1.9.2.jar:/Users/joshuasmba/.m2/repository/com/google/code/gson/gson/2.8.0/gson-2.8.0.jar:/Users/joshuasmba/.m2/repository/org/mongodb/mongo-java-driver/3.6.0-beta1/mongo-java-driver-3.6.0-beta1.jar:/Users/joshuasmba/.m2/repository/mysql/mysql-connector-java/8.0.13/mysql-connector-java-8.0.13.jar:/Users/joshuasmba/.m2/repository/com/google/protobuf/protobuf-java/3.6.1/protobuf-java-3.6.1.jar:/Users/joshuasmba/.m2/repository/org/apache/poi/poi/3.17/poi-3.17.jar:/Users/joshuasmba/.m2/repository/commons-codec/commons-codec/1.10/commons-codec-1.10.jar:/Users/joshuasmba/.m2/repository/org/apache/commons/commons-collections4/4.1/commons-collections4-4.1.jar:/Users/joshuasmba/.m2/repository/org/apache/poi/poi-ooxml/3.17/poi-ooxml-3.17.jar:/Users/joshuasmba/.m2/repository/com/github/virtuald/curvesapi/1.04/curvesapi-1.04.jar:/Users/joshuasmba/.m2/repository/org/apache/poi/ooxml-schemas/1.1/ooxml-schemas-1.1.jar:/Users/joshuasmba/.m2/repository/org/apache/xmlbeans/xmlbeans/2.3.0/xmlbeans-2.3.0.jar:/Users/joshuasmba/.m2/repository/stax/stax-api/1.0.1/stax-api-1.0.1.jar:/Users/joshuasmba/.m2/repository/org/apache/poi/poi-ooxml-schemas/3.9/poi-ooxml-schemas-3.9.jar:/Users/joshuasmba/.m2/repository/org/apache/poi/openxml4j/1.0-beta/openxml4j-1.0-beta.jar:/Users/joshuasmba/.m2/repository/dom4j/dom4j/1.6.1/dom4j-1.6.1.jar:/Users/joshuasmba/.m2/repository/xml-apis/xml-apis/1.0.b2/xml-apis-1.0.b2.jar:/Users/joshuasmba/.m2/repository/log4j/log4j/1.2.8/log4j-1.2.8.jar:/Users/joshuasmba/.m2/repository/com/relevantcodes/extentreports/2.41.1/extentreports-2.41.1.jar:/Users/joshuasmba/.m2/repository/org/xerial/sqlite-jdbc/3.8.11.1/sqlite-jdbc-3.8.11.1.jar:/Users/joshuasmba/.m2/repository/com/google/api-client/google-api-client/1.22.0/google-api-client-1.22.0.jar:/Users/joshuasmba/.m2/repository/com/google/oauth-client/google-oauth-client/1.22.0/google-oauth-client-1.22.0.jar:/Users/joshuasmba/.m2/repository/com/google/http-client/google-http-client-jackson2/1.22.0/google-http-client-jackson2-1.22.0.jar:/Users/joshuasmba/.m2/repository/com/fasterxml/jackson/core/jackson-core/2.1.3/jackson-core-2.1.3.jar:/Users/joshuasmba/.m2/repository/com/google/guava/guava-jdk5/17.0/guava-jdk5-17.0.jar:/Users/joshuasmba/.m2/repository/org/apache/commons/commons-lang3/3.0/commons-lang3-3.0.jar:/Users/joshuasmba/.m2/repository/commons-io/commons-io/2.5/commons-io-2.5.jar:/Users/joshuasmba/.m2/repository/com/google/http-client/google-http-client/1.23.0/google-http-client-1.23.0.jar:/Users/joshuasmba/.m2/repository/com/google/code/findbugs/jsr305/1.3.9/jsr305-1.3.9.jar:/Users/joshuasmba/.m2/repository/com/google/oauth-client/google-oauth-client-java6/1.23.0/google-oauth-client-java6-1.23.0.jar:/Users/joshuasmba/.m2/repository/com/google/oauth-client/google-oauth-client-jetty/1.23.0/google-oauth-client-jetty-1.23.0.jar:/Users/joshuasmba/.m2/repository/org/mortbay/jetty/jetty/6.1.26/jetty-6.1.26.jar:/Users/joshuasmba/.m2/repository/org/mortbay/jetty/jetty-util/6.1.26/jetty-util-6.1.26.jar:/Users/joshuasmba/.m2/repository/org/mortbay/jetty/servlet-api/2.5-20081211/servlet-api-2.5-20081211.jar:/Users/joshuasmba/.m2/repository/com/google/apis/google-api-services-sheets/v4-rev498-1.23.0/google-api-services-sheets-v4-rev498-1.23.0.jar:"/>
    <property name="java.vm.vendor" value="Oracle Corporation"/>
    <property name="sun.arch.data.model" value="64"/>
    <property name="java.vendor.url" value="http://java.oracle.com/"/>
    <property name="user.timezone" value=""/>
    <property name="java.vm.specification.version" value="1.8"/>
    <property name="os.name" value="Mac OS X"/>
    <property name="user.country" value="US"/>
    <property name="sun.java.launcher" value="SUN_STANDARD"/>
    <property name="sun.boot.library.path" value="/Library/Java/JavaVirtualMachines/jdk1.8.0_191.jdk/Contents/Home/jre/lib"/>
    <property name="sun.java.command" value="/Users/joshuasmba/Documents/amazon/Web-Automation-Framkework/Ebay/target/surefire/surefirebooter8138202951196086054.jar /Users/joshuasmba/Documents/amazon/Web-Automation-Framkework/Ebay/target/surefire 2019-01-17T22-38-34_648-jvmRun1 surefire3901157097046735177tmp surefire_05482558107826289573tmp"/>
    <property name="http.nonProxyHosts" value="local|*.local|169.254/16|*.169.254/16"/>
    <property name="surefire.test.class.path" value="/Users/joshuasmba/Documents/amazon/Web-Automation-Framkework/Ebay/target/test-classes:/Users/joshuasmba/Documents/amazon/Web-Automation-Framkework/Ebay/target/classes:/Users/joshuasmba/Documents/amazon/Web-Automation-Framkework/Generic/target/classes:/Users/joshuasmba/.m2/repository/org/testng/testng/6.14.3/testng-6.14.3.jar:/Users/joshuasmba/.m2/repository/com/beust/jcommander/1.72/jcommander-1.72.jar:/Users/joshuasmba/.m2/repository/org/apache-extras/beanshell/bsh/2.0b6/bsh-2.0b6.jar:/Users/joshuasmba/.m2/repository/org/seleniumhq/selenium/selenium-java/3.141.59/selenium-java-3.141.59.jar:/Users/joshuasmba/.m2/repository/org/seleniumhq/selenium/selenium-api/3.141.59/selenium-api-3.141.59.jar:/Users/joshuasmba/.m2/repository/org/seleniumhq/selenium/selenium-chrome-driver/3.141.59/selenium-chrome-driver-3.141.59.jar:/Users/joshuasmba/.m2/repository/org/seleniumhq/selenium/selenium-edge-driver/3.141.59/selenium-edge-driver-3.141.59.jar:/Users/joshuasmba/.m2/repository/org/seleniumhq/selenium/selenium-firefox-driver/3.141.59/selenium-firefox-driver-3.141.59.jar:/Users/joshuasmba/.m2/repository/org/seleniumhq/selenium/selenium-ie-driver/3.141.59/selenium-ie-driver-3.141.59.jar:/Users/joshuasmba/.m2/repository/org/seleniumhq/selenium/selenium-opera-driver/3.141.59/selenium-opera-driver-3.141.59.jar:/Users/joshuasmba/.m2/repository/org/seleniumhq/selenium/selenium-remote-driver/3.141.59/selenium-remote-driver-3.141.59.jar:/Users/joshuasmba/.m2/repository/org/seleniumhq/selenium/selenium-safari-driver/3.141.59/selenium-safari-driver-3.141.59.jar:/Users/joshuasmba/.m2/repository/org/seleniumhq/selenium/selenium-support/3.141.59/selenium-support-3.141.59.jar:/Users/joshuasmba/.m2/repository/net/bytebuddy/byte-buddy/1.8.15/byte-buddy-1.8.15.jar:/Users/joshuasmba/.m2/repository/org/apache/commons/commons-exec/1.3/commons-exec-1.3.jar:/Users/joshuasmba/.m2/repository/com/google/guava/guava/25.0-jre/guava-25.0-jre.jar:/Users/joshuasmba/.m2/repository/org/checkerframework/checker-compat-qual/2.0.0/checker-compat-qual-2.0.0.jar:/Users/joshuasmba/.m2/repository/com/google/errorprone/error_prone_annotations/2.1.3/error_prone_annotations-2.1.3.jar:/Users/joshuasmba/.m2/repository/com/google/j2objc/j2objc-annotations/1.1/j2objc-annotations-1.1.jar:/Users/joshuasmba/.m2/repository/org/codehaus/mojo/animal-sniffer-annotations/1.14/animal-sniffer-annotations-1.14.jar:/Users/joshuasmba/.m2/repository/com/squareup/okhttp3/okhttp/3.11.0/okhttp-3.11.0.jar:/Users/joshuasmba/.m2/repository/com/squareup/okio/okio/1.14.0/okio-1.14.0.jar:/Users/joshuasmba/.m2/repository/org/seleniumhq/selenium/selenium-server/3.141.59/selenium-server-3.141.59.jar:/Users/joshuasmba/.m2/repository/net/jcip/jcip-annotations/1.0/jcip-annotations-1.0.jar:/Users/joshuasmba/.m2/repository/org/seleniumhq/selenium/jetty-repacked/9.4.12.v20180830/jetty-repacked-9.4.12.v20180830.jar:/Users/joshuasmba/.m2/repository/javax/servlet/javax.servlet-api/3.1.0/javax.servlet-api-3.1.0.jar:/Users/joshuasmba/.m2/repository/org/yaml/snakeyaml/1.19/snakeyaml-1.19.jar:/Users/joshuasmba/.m2/repository/com/aventstack/extentreports/3.0.7/extentreports-3.0.7.jar:/Users/joshuasmba/.m2/repository/org/freemarker/freemarker/2.3.23/freemarker-2.3.23.jar:/Users/joshuasmba/.m2/repository/org/mongodb/mongodb-driver/3.3.0/mongodb-driver-3.3.0.jar:/Users/joshuasmba/.m2/repository/org/mongodb/bson/3.3.0/bson-3.3.0.jar:/Users/joshuasmba/.m2/repository/org/mongodb/mongodb-driver-core/3.3.0/mongodb-driver-core-3.3.0.jar:/Users/joshuasmba/.m2/repository/org/apache/httpcomponents/httpclient/4.5.2/httpclient-4.5.2.jar:/Users/joshuasmba/.m2/repository/org/apache/httpcomponents/httpcore/4.4.4/httpcore-4.4.4.jar:/Users/joshuasmba/.m2/repository/commons-logging/commons-logging/1.2/commons-logging-1.2.jar:/Users/joshuasmba/.m2/repository/org/apache/httpcomponents/httpmime/4.5.2/httpmime-4.5.2.jar:/Users/joshuasmba/.m2/repository/org/jsoup/jsoup/1.9.2/jsoup-1.9.2.jar:/Users/joshuasmba/.m2/repository/com/google/code/gson/gson/2.8.0/gson-2.8.0.jar:/Users/joshuasmba/.m2/repository/org/mongodb/mongo-java-driver/3.6.0-beta1/mongo-java-driver-3.6.0-beta1.jar:/Users/joshuasmba/.m2/repository/mysql/mysql-connector-java/8.0.13/mysql-connector-java-8.0.13.jar:/Users/joshuasmba/.m2/repository/com/google/protobuf/protobuf-java/3.6.1/protobuf-java-3.6.1.jar:/Users/joshuasmba/.m2/repository/org/apache/poi/poi/3.17/poi-3.17.jar:/Users/joshuasmba/.m2/repository/commons-codec/commons-codec/1.10/commons-codec-1.10.jar:/Users/joshuasmba/.m2/repository/org/apache/commons/commons-collections4/4.1/commons-collections4-4.1.jar:/Users/joshuasmba/.m2/repository/org/apache/poi/poi-ooxml/3.17/poi-ooxml-3.17.jar:/Users/joshuasmba/.m2/repository/com/github/virtuald/curvesapi/1.04/curvesapi-1.04.jar:/Users/joshuasmba/.m2/repository/org/apache/poi/ooxml-schemas/1.1/ooxml-schemas-1.1.jar:/Users/joshuasmba/.m2/repository/org/apache/xmlbeans/xmlbeans/2.3.0/xmlbeans-2.3.0.jar:/Users/joshuasmba/.m2/repository/stax/stax-api/1.0.1/stax-api-1.0.1.jar:/Users/joshuasmba/.m2/repository/org/apache/poi/poi-ooxml-schemas/3.9/poi-ooxml-schemas-3.9.jar:/Users/joshuasmba/.m2/repository/org/apache/poi/openxml4j/1.0-beta/openxml4j-1.0-beta.jar:/Users/joshuasmba/.m2/repository/dom4j/dom4j/1.6.1/dom4j-1.6.1.jar:/Users/joshuasmba/.m2/repository/xml-apis/xml-apis/1.0.b2/xml-apis-1.0.b2.jar:/Users/joshuasmba/.m2/repository/log4j/log4j/1.2.8/log4j-1.2.8.jar:/Users/joshuasmba/.m2/repository/com/relevantcodes/extentreports/2.41.1/extentreports-2.41.1.jar:/Users/joshuasmba/.m2/repository/org/xerial/sqlite-jdbc/3.8.11.1/sqlite-jdbc-3.8.11.1.jar:/Users/joshuasmba/.m2/repository/com/google/api-client/google-api-client/1.22.0/google-api-client-1.22.0.jar:/Users/joshuasmba/.m2/repository/com/google/oauth-client/google-oauth-client/1.22.0/google-oauth-client-1.22.0.jar:/Users/joshuasmba/.m2/repository/com/google/http-client/google-http-client-jackson2/1.22.0/google-http-client-jackson2-1.22.0.jar:/Users/joshuasmba/.m2/repository/com/fasterxml/jackson/core/jackson-core/2.1.3/jackson-core-2.1.3.jar:/Users/joshuasmba/.m2/repository/com/google/guava/guava-jdk5/17.0/guava-jdk5-17.0.jar:/Users/joshuasmba/.m2/repository/org/apache/commons/commons-lang3/3.0/commons-lang3-3.0.jar:/Users/joshuasmba/.m2/repository/commons-io/commons-io/2.5/commons-io-2.5.jar:/Users/joshuasmba/.m2/repository/com/google/http-client/google-http-client/1.23.0/google-http-client-1.23.0.jar:/Users/joshuasmba/.m2/repository/com/google/code/findbugs/jsr305/1.3.9/jsr305-1.3.9.jar:/Users/joshuasmba/.m2/repository/com/google/oauth-client/google-oauth-client-java6/1.23.0/google-oauth-client-java6-1.23.0.jar:/Users/joshuasmba/.m2/repository/com/google/oauth-client/google-oauth-client-jetty/1.23.0/google-oauth-client-jetty-1.23.0.jar:/Users/joshuasmba/.m2/repository/org/mortbay/jetty/jetty/6.1.26/jetty-6.1.26.jar:/Users/joshuasmba/.m2/repository/org/mortbay/jetty/jetty-util/6.1.26/jetty-util-6.1.26.jar:/Users/joshuasmba/.m2/repository/org/mortbay/jetty/servlet-api/2.5-20081211/servlet-api-2.5-20081211.jar:/Users/joshuasmba/.m2/repository/com/google/apis/google-api-services-sheets/v4-rev498-1.23.0/google-api-services-sheets-v4-rev498-1.23.0.jar:"/>
    <property name="sun.cpu.endian" value="little"/>
    <property name="user.home" value="/Users/joshuasmba"/>
    <property name="user.language" value="en"/>
    <property name="java.specification.vendor" value="Oracle Corporation"/>
    <property name="java.home" value="/Library/Java/JavaVirtualMachines/jdk1.8.0_191.jdk/Contents/Home/jre"/>
    <property name="basedir" value="/Users/joshuasmba/Documents/amazon/Web-Automation-Framkework/Ebay"/>
    <property name="file.separator" value="/"/>
    <property name="line.separator" value="&#10;"/>
    <property name="java.vm.specification.vendor" value="Oracle Corporation"/>
    <property name="java.specification.name" value="Java Platform API Specification"/>
    <property name="java.awt.graphicsenv" value="sun.awt.CGraphicsEnvironment"/>
    <property name="surefire.real.class.path" value="/Users/joshuasmba/Documents/amazon/Web-Automation-Framkework/Ebay/target/surefire/surefirebooter8138202951196086054.jar"/>
    <property name="sun.boot.class.path" value="/Library/Java/JavaVirtualMachines/jdk1.8.0_191.jdk/Contents/Home/jre/lib/resources.jar:/Library/Java/JavaVirtualMachines/jdk1.8.0_191.jdk/Contents/Home/jre/lib/rt.jar:/Library/Java/JavaVirtualMachines/jdk1.8.0_191.jdk/Contents/Home/jre/lib/sunrsasign.jar:/Library/Java/JavaVirtualMachines/jdk1.8.0_191.jdk/Contents/Home/jre/lib/jsse.jar:/Library/Java/JavaVirtualMachines/jdk1.8.0_191.jdk/Contents/Home/jre/lib/jce.jar:/Library/Java/JavaVirtualMachines/jdk1.8.0_191.jdk/Contents/Home/jre/lib/charsets.jar:/Library/Java/JavaVirtualMachines/jdk1.8.0_191.jdk/Contents/Home/jre/lib/jfr.jar:/Library/Java/JavaVirtualMachines/jdk1.8.0_191.jdk/Contents/Home/jre/classes"/>
    <property name="sun.management.compiler" value="HotSpot 64-Bit Tiered Compilers"/>
    <property name="ftp.nonProxyHosts" value="local|*.local|169.254/16|*.169.254/16"/>
    <property name="java.runtime.version" value="1.8.0_191-b12"/>
    <property name="user.name" value="joshuasmba"/>
    <property name="path.separator" value=":"/>
    <property name="os.version" value="10.14.1"/>
    <property name="java.endorsed.dirs" value="/Library/Java/JavaVirtualMachines/jdk1.8.0_191.jdk/Contents/Home/jre/lib/endorsed"/>
    <property name="java.runtime.name" value="Java(TM) SE Runtime Environment"/>
    <property name="file.encoding" value="UTF-8"/>
    <property name="java.vm.name" value="Java HotSpot(TM) 64-Bit Server VM"/>
    <property name="localRepository" value="/Users/joshuasmba/.m2/repository"/>
    <property name="java.vendor.url.bug" value="http://bugreport.sun.com/bugreport/"/>
    <property name="java.io.tmpdir" value="/var/folders/y6/2p620w_j1d9dwvt81_9c5fsw0000gn/T/"/>
    <property name="java.version" value="1.8.0_191"/>
    <property name="user.dir" value="/Users/joshuasmba/Documents/amazon/Web-Automation-Framkework/Ebay"/>
    <property name="os.arch" value="x86_64"/>
    <property name="java.vm.specification.name" value="Java Virtual Machine Specification"/>
    <property name="java.awt.printerjob" value="sun.lwawt.macosx.CPrinterJob"/>
    <property name="sun.os.patch.level" value="unknown"/>
    <property name="java.library.path" value="/Users/joshuasmba/Library/Java/Extensions:/Library/Java/Extensions:/Network/Library/Java/Extensions:/System/Library/Java/Extensions:/usr/lib/java:."/>
    <property name="java.vm.info" value="mixed mode"/>
    <property name="java.vendor" value="Oracle Corporation"/>
    <property name="java.vm.version" value="25.191-b12"/>
    <property name="java.ext.dirs" value="/Users/joshuasmba/Library/Java/Extensions:/Library/Java/JavaVirtualMachines/jdk1.8.0_191.jdk/Contents/Home/jre/lib/ext:/Library/Java/Extensions:/Network/Library/Java/Extensions:/System/Library/Java/Extensions:/usr/lib/java"/>
    <property name="sun.io.unicode.encoding" value="UnicodeBig"/>
    <property name="java.class.version" value="52.0"/>
    <property name="socksNonProxyHosts" value="local|*.local|169.254/16|*.169.254/16"/>
  </properties>
  <testcase name="collectiblesAndArtTest" classname="eBaytests.HomeUtilitiesTests" time="2.455">
    <failure message="expected [Collectibles &amp; Arts] but found [Collectibles &amp; Art]" type="java.lang.AssertionError"><![CDATA[java.lang.AssertionError: expected [Collectibles & Arts] but found [Collectibles & Art]
	at eBaytests.HomeUtilitiesTests.collectiblesAndArtTest(HomeUtilitiesTests.java:47)
]]></failure>
    <system-out><![CDATA[Extent Report Directory/Users/joshuasmba/Documents/amazon/Web-Automation-Framkework/Ebay/target/surefire-reports/html
HomeUtilitiesTests: collectibles And Art Test
HomeUtilitiesTests: collectiblesandart
]]></system-out>
    <system-err><![CDATA[Jan 17, 2019 10:38:47 PM com.relevantcodes.extentreports.ExtentReports loadConfig
WARNING: Unable to perform report configuration. The file /Users/joshuasmba/Documents/amazon/Web-Automation-Framkework/Ebay/report-config.xml was not found.
Jan 17, 2019 10:38:51 PM org.openqa.selenium.remote.ProtocolHandshake createSession
INFO: Detected dialect: OSS
]]></system-err>
  </testcase>
  <testcase name="electronicsUtilityTest" classname="eBaytests.HomeUtilitiesTests" time="4.224"/>
  <testcase name="fashionUtilityTest" classname="eBaytests.HomeUtilitiesTests" time="3.541"/>
  <testcase name="homeButtonTest" classname="eBaytests.HomeUtilitiesTests" time="2.119"/>
  <testcase name="motorsUtilTest" classname="eBaytests.HomeUtilitiesTests" time="5.019"/>
  <testcase name="savedUtilityTest" classname="eBaytests.HomeUtilitiesTests" time="8.08"/>
  <testcase name="businessAndIndustrialUtilityTest" classname="eBaytests.HomePageUtilitiesTests2" time="1.602">
    <failure message="element not visible&#10;  (Session info: chrome=60.0.3112.78)&#10;  (Driver info: chromedriver=2.31.488774 (7e15618d1bf16df8bf0ecf2914ed1964a387ba0b),platform=Mac OS X 10.12.6 x86_64) (WARNING: The server did not provide any stacktrace information)&#10;Command duration or timeout: 1.04 seconds&#10;Build info: version: &apos;2.53.0&apos;, revision: &apos;35ae25b&apos;, time: &apos;2016-03-15 17:00:58&apos;&#10;System info: host: &apos;mac-208-52-180-158.browserstack.com&apos;, ip: &apos;208.52.180.158&apos;, os.name: &apos;Mac OS X&apos;, os.arch: &apos;x86_64&apos;, os.version: &apos;10.12.6&apos;, java.version: &apos;1.8.0_51&apos;&#10;Driver info: org.openqa.selenium.chrome.ChromeDriver&#10;Capabilities [{applicationCacheEnabled=false, rotatable=false, mobileEmulationEnabled=false, networkConnectionEnabled=false, chrome={chromedriverVersion=2.31.488774 (7e15618d1bf16df8bf0ecf2914ed1964a387ba0b), userDataDir=/var/folders/3y/zz_w6_s56sl__vcrf3r5bhzr0000hr/T/.org.chromium.Chromium.tmNDc6}, takesHeapSnapshot=true, pageLoadStrategy=normal, databaseEnabled=false, handlesAlerts=true, hasTouchScreen=false, version=60.0.3112.78, platform=MAC, browserConnectionEnabled=false, nativeEvents=true, acceptSslCerts=true, locationContextEnabled=true, webStorageEnabled=true, browserName=chrome, takesScreenshot=true, javascriptEnabled=true, cssSelectorsEnabled=true, setWindowRect=true, unexpectedAlertBehaviour=}]&#10;Session ID: f39f31df17b6361deae880a7073a7fae&#10;Command duration or timeout: 0 milliseconds" type="org.openqa.selenium.ElementNotVisibleException">org.openqa.selenium.ElementNotVisibleException: 
element not visible
  (Session info: chrome=60.0.3112.78)
  (Driver info: chromedriver=2.31.488774 (7e15618d1bf16df8bf0ecf2914ed1964a387ba0b),platform=Mac OS X 10.12.6 x86_64) (WARNING: The server did not provide any stacktrace information)
Command duration or timeout: 1.04 seconds
Build info: version: '2.53.0', revision: '35ae25b', time: '2016-03-15 17:00:58'
System info: host: 'mac-208-52-180-158.browserstack.com', ip: '208.52.180.158', os.name: 'Mac OS X', os.arch: 'x86_64', os.version: '10.12.6', java.version: '1.8.0_51'
Driver info: org.openqa.selenium.chrome.ChromeDriver
Capabilities [{applicationCacheEnabled=false, rotatable=false, mobileEmulationEnabled=false, networkConnectionEnabled=false, chrome={chromedriverVersion=2.31.488774 (7e15618d1bf16df8bf0ecf2914ed1964a387ba0b), userDataDir=/var/folders/3y/zz_w6_s56sl__vcrf3r5bhzr0000hr/T/.org.chromium.Chromium.tmNDc6}, takesHeapSnapshot=true, pageLoadStrategy=normal, databaseEnabled=false, handlesAlerts=true, hasTouchScreen=false, version=60.0.3112.78, platform=MAC, browserConnectionEnabled=false, nativeEvents=true, acceptSslCerts=true, locationContextEnabled=true, webStorageEnabled=true, browserName=chrome, takesScreenshot=true, javascriptEnabled=true, cssSelectorsEnabled=true, setWindowRect=true, unexpectedAlertBehaviour=}]
Session ID: f39f31df17b6361deae880a7073a7fae
Command duration or timeout: 0 milliseconds
	at eBaytests.HomePageUtilitiesTests2.businessAndIndustrialUtilityTest(HomePageUtilitiesTests2.java:36)
Caused by: org.openqa.selenium.ElementNotVisibleException: 
element not visible
  (Session info: chrome=60.0.3112.78)
  (Driver info: chromedriver=2.31.488774 (7e15618d1bf16df8bf0ecf2914ed1964a387ba0b),platform=Mac OS X 10.12.6 x86_64) (WARNING: The server did not provide any stacktrace information)
Command duration or timeout: 1.04 seconds
Build info: version: '2.53.0', revision: '35ae25b', time: '2016-03-15 17:00:58'
System info: host: 'mac-208-52-180-158.browserstack.com', ip: '208.52.180.158', os.name: 'Mac OS X', os.arch: 'x86_64', os.version: '10.12.6', java.version: '1.8.0_51'
Driver info: org.openqa.selenium.chrome.ChromeDriver
Capabilities [{applicationCacheEnabled=false, rotatable=false, mobileEmulationEnabled=false, networkConnectionEnabled=false, chrome={chromedriverVersion=2.31.488774 (7e15618d1bf16df8bf0ecf2914ed1964a387ba0b), userDataDir=/var/folders/3y/zz_w6_s56sl__vcrf3r5bhzr0000hr/T/.org.chromium.Chromium.tmNDc6}, takesHeapSnapshot=true, pageLoadStrategy=normal, databaseEnabled=false, handlesAlerts=true, hasTouchScreen=false, version=60.0.3112.78, platform=MAC, browserConnectionEnabled=false, nativeEvents=true, acceptSslCerts=true, locationContextEnabled=true, webStorageEnabled=true, browserName=chrome, takesScreenshot=true, javascriptEnabled=true, cssSelectorsEnabled=true, setWindowRect=true, unexpectedAlertBehaviour=}]
Session ID: f39f31df17b6361deae880a7073a7fae
Build info: version: '3.141.59', revision: 'e82be7d358', time: '2018-11-14T08:17:03'
System info: host: 'Joshuas-MacBook-Air.local', ip: 'fe80:0:0:0:e1:e168:1f47:646a%en0', os.name: 'Mac OS X', os.arch: 'x86_64', os.version: '10.14.1', java.version: '1.8.0_191'
Driver info: driver.version: RemoteWebDriver
</failure>
    <system-out><![CDATA[HomePageUtilitiesTests2: business And Industrial Utility Test
HomePageUtilitiesTests2: business And Industrial Utility
]]></system-out>
    <system-err><![CDATA[Jan 17, 2019 10:40:52 PM org.openqa.selenium.remote.ProtocolHandshake createSession
INFO: Detected dialect: OSS
]]></system-err>
  </testcase>
  <testcase name="dealsUtilityTest" classname="eBaytests.HomePageUtilitiesTests2" time="1.544">
    <failure message="element not visible&#10;  (Session info: chrome=60.0.3112.78)&#10;  (Driver info: chromedriver=2.31.488774 (7e15618d1bf16df8bf0ecf2914ed1964a387ba0b),platform=Mac OS X 10.12.6 x86_64) (WARNING: The server did not provide any stacktrace information)&#10;Command duration or timeout: 802 milliseconds&#10;Build info: version: &apos;2.53.0&apos;, revision: &apos;35ae25b&apos;, time: &apos;2016-03-15 17:00:58&apos;&#10;System info: host: &apos;mac-208-52-180-89.browserstack.com&apos;, ip: &apos;208.52.180.89&apos;, os.name: &apos;Mac OS X&apos;, os.arch: &apos;x86_64&apos;, os.version: &apos;10.12.6&apos;, java.version: &apos;1.8.0_51&apos;&#10;Driver info: org.openqa.selenium.chrome.ChromeDriver&#10;Capabilities [{applicationCacheEnabled=false, rotatable=false, mobileEmulationEnabled=false, networkConnectionEnabled=false, chrome={chromedriverVersion=2.31.488774 (7e15618d1bf16df8bf0ecf2914ed1964a387ba0b), userDataDir=/var/folders/3y/zz_w6_s56sl__vcrf3r5bhzr0000hr/T/.org.chromium.Chromium.sqq3NE}, takesHeapSnapshot=true, pageLoadStrategy=normal, databaseEnabled=false, handlesAlerts=true, hasTouchScreen=false, version=60.0.3112.78, platform=MAC, browserConnectionEnabled=false, nativeEvents=true, acceptSslCerts=true, locationContextEnabled=true, webStorageEnabled=true, browserName=chrome, takesScreenshot=true, javascriptEnabled=true, cssSelectorsEnabled=true, setWindowRect=true, unexpectedAlertBehaviour=}]&#10;Session ID: 640e5ee49397ce5c94882882471f31a2&#10;Command duration or timeout: 0 milliseconds" type="org.openqa.selenium.ElementNotVisibleException">org.openqa.selenium.ElementNotVisibleException: 
element not visible
  (Session info: chrome=60.0.3112.78)
  (Driver info: chromedriver=2.31.488774 (7e15618d1bf16df8bf0ecf2914ed1964a387ba0b),platform=Mac OS X 10.12.6 x86_64) (WARNING: The server did not provide any stacktrace information)
Command duration or timeout: 802 milliseconds
Build info: version: '2.53.0', revision: '35ae25b', time: '2016-03-15 17:00:58'
System info: host: 'mac-208-52-180-89.browserstack.com', ip: '208.52.180.89', os.name: 'Mac OS X', os.arch: 'x86_64', os.version: '10.12.6', java.version: '1.8.0_51'
Driver info: org.openqa.selenium.chrome.ChromeDriver
Capabilities [{applicationCacheEnabled=false, rotatable=false, mobileEmulationEnabled=false, networkConnectionEnabled=false, chrome={chromedriverVersion=2.31.488774 (7e15618d1bf16df8bf0ecf2914ed1964a387ba0b), userDataDir=/var/folders/3y/zz_w6_s56sl__vcrf3r5bhzr0000hr/T/.org.chromium.Chromium.sqq3NE}, takesHeapSnapshot=true, pageLoadStrategy=normal, databaseEnabled=false, handlesAlerts=true, hasTouchScreen=false, version=60.0.3112.78, platform=MAC, browserConnectionEnabled=false, nativeEvents=true, acceptSslCerts=true, locationContextEnabled=true, webStorageEnabled=true, browserName=chrome, takesScreenshot=true, javascriptEnabled=true, cssSelectorsEnabled=true, setWindowRect=true, unexpectedAlertBehaviour=}]
Session ID: 640e5ee49397ce5c94882882471f31a2
Command duration or timeout: 0 milliseconds
	at eBaytests.HomePageUtilitiesTests2.dealsUtilityTest(HomePageUtilitiesTests2.java:46)
Caused by: org.openqa.selenium.ElementNotVisibleException: 
element not visible
  (Session info: chrome=60.0.3112.78)
  (Driver info: chromedriver=2.31.488774 (7e15618d1bf16df8bf0ecf2914ed1964a387ba0b),platform=Mac OS X 10.12.6 x86_64) (WARNING: The server did not provide any stacktrace information)
Command duration or timeout: 802 milliseconds
Build info: version: '2.53.0', revision: '35ae25b', time: '2016-03-15 17:00:58'
System info: host: 'mac-208-52-180-89.browserstack.com', ip: '208.52.180.89', os.name: 'Mac OS X', os.arch: 'x86_64', os.version: '10.12.6', java.version: '1.8.0_51'
Driver info: org.openqa.selenium.chrome.ChromeDriver
Capabilities [{applicationCacheEnabled=false, rotatable=false, mobileEmulationEnabled=false, networkConnectionEnabled=false, chrome={chromedriverVersion=2.31.488774 (7e15618d1bf16df8bf0ecf2914ed1964a387ba0b), userDataDir=/var/folders/3y/zz_w6_s56sl__vcrf3r5bhzr0000hr/T/.org.chromium.Chromium.sqq3NE}, takesHeapSnapshot=true, pageLoadStrategy=normal, databaseEnabled=false, handlesAlerts=true, hasTouchScreen=false, version=60.0.3112.78, platform=MAC, browserConnectionEnabled=false, nativeEvents=true, acceptSslCerts=true, locationContextEnabled=true, webStorageEnabled=true, browserName=chrome, takesScreenshot=true, javascriptEnabled=true, cssSelectorsEnabled=true, setWindowRect=true, unexpectedAlertBehaviour=}]
Session ID: 640e5ee49397ce5c94882882471f31a2
Build info: version: '3.141.59', revision: 'e82be7d358', time: '2018-11-14T08:17:03'
System info: host: 'Joshuas-MacBook-Air.local', ip: 'fe80:0:0:0:e1:e168:1f47:646a%en0', os.name: 'Mac OS X', os.arch: 'x86_64', os.version: '10.14.1', java.version: '1.8.0_191'
Driver info: driver.version: RemoteWebDriver
</failure>
    <system-out><![CDATA[Screenshot captured
HomePageUtilitiesTests2: deals Utility Test
HomePageUtilitiesTests2: deals Utility
]]></system-out>
    <system-err><![CDATA[Jan 17, 2019 10:41:09 PM org.openqa.selenium.remote.ProtocolHandshake createSession
INFO: Detected dialect: OSS
]]></system-err>
  </testcase>
  <testcase name="homeAndGardenTest" classname="eBaytests.HomePageUtilitiesTests2" time="2.4"/>
  <testcase name="musicUtilityTest" classname="eBaytests.HomePageUtilitiesTests2" time="1.937">
    <failure message="element not visible&#10;  (Session info: chrome=60.0.3112.78)&#10;  (Driver info: chromedriver=2.31.488774 (7e15618d1bf16df8bf0ecf2914ed1964a387ba0b),platform=Mac OS X 10.12.6 x86_64) (WARNING: The server did not provide any stacktrace information)&#10;Command duration or timeout: 1.09 seconds&#10;Build info: version: &apos;2.53.0&apos;, revision: &apos;35ae25b&apos;, time: &apos;2016-03-15 17:00:58&apos;&#10;System info: host: &apos;mac-208-52-145-27.browserstack.com&apos;, ip: &apos;208.52.145.27&apos;, os.name: &apos;Mac OS X&apos;, os.arch: &apos;x86_64&apos;, os.version: &apos;10.12.6&apos;, java.version: &apos;1.8.0_51&apos;&#10;Driver info: org.openqa.selenium.chrome.ChromeDriver&#10;Capabilities [{applicationCacheEnabled=false, rotatable=false, mobileEmulationEnabled=false, networkConnectionEnabled=false, chrome={chromedriverVersion=2.31.488774 (7e15618d1bf16df8bf0ecf2914ed1964a387ba0b), userDataDir=/var/folders/3y/zz_w6_s56sl__vcrf3r5bhzr0000hr/T/.org.chromium.Chromium.KrRp2g}, takesHeapSnapshot=true, pageLoadStrategy=normal, databaseEnabled=false, handlesAlerts=true, hasTouchScreen=false, version=60.0.3112.78, platform=MAC, browserConnectionEnabled=false, nativeEvents=true, acceptSslCerts=true, locationContextEnabled=true, webStorageEnabled=true, browserName=chrome, takesScreenshot=true, javascriptEnabled=true, cssSelectorsEnabled=true, setWindowRect=true, unexpectedAlertBehaviour=}]&#10;Session ID: badac590ec6d5d24494f687ae05afad1&#10;Command duration or timeout: 0 milliseconds" type="org.openqa.selenium.ElementNotVisibleException">org.openqa.selenium.ElementNotVisibleException: 
element not visible
  (Session info: chrome=60.0.3112.78)
  (Driver info: chromedriver=2.31.488774 (7e15618d1bf16df8bf0ecf2914ed1964a387ba0b),platform=Mac OS X 10.12.6 x86_64) (WARNING: The server did not provide any stacktrace information)
Command duration or timeout: 1.09 seconds
Build info: version: '2.53.0', revision: '35ae25b', time: '2016-03-15 17:00:58'
System info: host: 'mac-208-52-145-27.browserstack.com', ip: '208.52.145.27', os.name: 'Mac OS X', os.arch: 'x86_64', os.version: '10.12.6', java.version: '1.8.0_51'
Driver info: org.openqa.selenium.chrome.ChromeDriver
Capabilities [{applicationCacheEnabled=false, rotatable=false, mobileEmulationEnabled=false, networkConnectionEnabled=false, chrome={chromedriverVersion=2.31.488774 (7e15618d1bf16df8bf0ecf2914ed1964a387ba0b), userDataDir=/var/folders/3y/zz_w6_s56sl__vcrf3r5bhzr0000hr/T/.org.chromium.Chromium.KrRp2g}, takesHeapSnapshot=true, pageLoadStrategy=normal, databaseEnabled=false, handlesAlerts=true, hasTouchScreen=false, version=60.0.3112.78, platform=MAC, browserConnectionEnabled=false, nativeEvents=true, acceptSslCerts=true, locationContextEnabled=true, webStorageEnabled=true, browserName=chrome, takesScreenshot=true, javascriptEnabled=true, cssSelectorsEnabled=true, setWindowRect=true, unexpectedAlertBehaviour=}]
Session ID: badac590ec6d5d24494f687ae05afad1
Command duration or timeout: 0 milliseconds
	at eBaytests.HomePageUtilitiesTests2.musicUtilityTest(HomePageUtilitiesTests2.java:41)
Caused by: org.openqa.selenium.ElementNotVisibleException: 
element not visible
  (Session info: chrome=60.0.3112.78)
  (Driver info: chromedriver=2.31.488774 (7e15618d1bf16df8bf0ecf2914ed1964a387ba0b),platform=Mac OS X 10.12.6 x86_64) (WARNING: The server did not provide any stacktrace information)
Command duration or timeout: 1.09 seconds
Build info: version: '2.53.0', revision: '35ae25b', time: '2016-03-15 17:00:58'
System info: host: 'mac-208-52-145-27.browserstack.com', ip: '208.52.145.27', os.name: 'Mac OS X', os.arch: 'x86_64', os.version: '10.12.6', java.version: '1.8.0_51'
Driver info: org.openqa.selenium.chrome.ChromeDriver
Capabilities [{applicationCacheEnabled=false, rotatable=false, mobileEmulationEnabled=false, networkConnectionEnabled=false, chrome={chromedriverVersion=2.31.488774 (7e15618d1bf16df8bf0ecf2914ed1964a387ba0b), userDataDir=/var/folders/3y/zz_w6_s56sl__vcrf3r5bhzr0000hr/T/.org.chromium.Chromium.KrRp2g}, takesHeapSnapshot=true, pageLoadStrategy=normal, databaseEnabled=false, handlesAlerts=true, hasTouchScreen=false, version=60.0.3112.78, platform=MAC, browserConnectionEnabled=false, nativeEvents=true, acceptSslCerts=true, locationContextEnabled=true, webStorageEnabled=true, browserName=chrome, takesScreenshot=true, javascriptEnabled=true, cssSelectorsEnabled=true, setWindowRect=true, unexpectedAlertBehaviour=}]
Session ID: badac590ec6d5d24494f687ae05afad1
Build info: version: '3.141.59', revision: 'e82be7d358', time: '2018-11-14T08:17:03'
System info: host: 'Joshuas-MacBook-Air.local', ip: 'fe80:0:0:0:e1:e168:1f47:646a%en0', os.name: 'Mac OS X', os.arch: 'x86_64', os.version: '10.14.1', java.version: '1.8.0_191'
Driver info: driver.version: RemoteWebDriver
</failure>
    <system-out><![CDATA[HomePageUtilitiesTests2: music Utility Test
HomePageUtilitiesTests2: music Utility
]]></system-out>
    <system-err><![CDATA[Jan 17, 2019 10:41:42 PM org.openqa.selenium.remote.ProtocolHandshake createSession
INFO: Detected dialect: OSS
]]></system-err>
  </testcase>
  <testcase name="sportingGoodsTest" classname="eBaytests.HomePageUtilitiesTests2" time="4.411"/>
  <testcase name="toysUtilityTest" classname="eBaytests.HomePageUtilitiesTests2" time="2.515"/>
  <testcase name="under10utilityTest" classname="eBaytests.HomePageUtilitiesTests2" time="2.136">
    <failure message="element not visible&#10;  (Session info: chrome=60.0.3112.78)&#10;  (Driver info: chromedriver=2.31.488774 (7e15618d1bf16df8bf0ecf2914ed1964a387ba0b),platform=Mac OS X 10.12.6 x86_64) (WARNING: The server did not provide any stacktrace information)&#10;Command duration or timeout: 40 milliseconds&#10;Build info: version: &apos;2.53.0&apos;, revision: &apos;35ae25b&apos;, time: &apos;2016-03-15 17:00:58&apos;&#10;System info: host: &apos;mac-208-52-145-18.browserstack.com&apos;, ip: &apos;208.52.145.18&apos;, os.name: &apos;Mac OS X&apos;, os.arch: &apos;x86_64&apos;, os.version: &apos;10.12.6&apos;, java.version: &apos;1.8.0_51&apos;&#10;Driver info: org.openqa.selenium.chrome.ChromeDriver&#10;Capabilities [{applicationCacheEnabled=false, rotatable=false, mobileEmulationEnabled=false, networkConnectionEnabled=false, chrome={chromedriverVersion=2.31.488774 (7e15618d1bf16df8bf0ecf2914ed1964a387ba0b), userDataDir=/var/folders/3y/zz_w6_s56sl__vcrf3r5bhzr0000hr/T/.org.chromium.Chromium.jn4dsP}, takesHeapSnapshot=true, pageLoadStrategy=normal, databaseEnabled=false, handlesAlerts=true, hasTouchScreen=false, version=60.0.3112.78, platform=MAC, browserConnectionEnabled=false, nativeEvents=true, acceptSslCerts=true, locationContextEnabled=true, webStorageEnabled=true, browserName=chrome, takesScreenshot=true, javascriptEnabled=true, cssSelectorsEnabled=true, setWindowRect=true, unexpectedAlertBehaviour=}]&#10;Session ID: 8c9da8a925d33fdf64248798d02f9968&#10;Command duration or timeout: 0 milliseconds" type="org.openqa.selenium.ElementNotVisibleException">org.openqa.selenium.ElementNotVisibleException: 
element not visible
  (Session info: chrome=60.0.3112.78)
  (Driver info: chromedriver=2.31.488774 (7e15618d1bf16df8bf0ecf2914ed1964a387ba0b),platform=Mac OS X 10.12.6 x86_64) (WARNING: The server did not provide any stacktrace information)
Command duration or timeout: 40 milliseconds
Build info: version: '2.53.0', revision: '35ae25b', time: '2016-03-15 17:00:58'
System info: host: 'mac-208-52-145-18.browserstack.com', ip: '208.52.145.18', os.name: 'Mac OS X', os.arch: 'x86_64', os.version: '10.12.6', java.version: '1.8.0_51'
Driver info: org.openqa.selenium.chrome.ChromeDriver
Capabilities [{applicationCacheEnabled=false, rotatable=false, mobileEmulationEnabled=false, networkConnectionEnabled=false, chrome={chromedriverVersion=2.31.488774 (7e15618d1bf16df8bf0ecf2914ed1964a387ba0b), userDataDir=/var/folders/3y/zz_w6_s56sl__vcrf3r5bhzr0000hr/T/.org.chromium.Chromium.jn4dsP}, takesHeapSnapshot=true, pageLoadStrategy=normal, databaseEnabled=false, handlesAlerts=true, hasTouchScreen=false, version=60.0.3112.78, platform=MAC, browserConnectionEnabled=false, nativeEvents=true, acceptSslCerts=true, locationContextEnabled=true, webStorageEnabled=true, browserName=chrome, takesScreenshot=true, javascriptEnabled=true, cssSelectorsEnabled=true, setWindowRect=true, unexpectedAlertBehaviour=}]
Session ID: 8c9da8a925d33fdf64248798d02f9968
Command duration or timeout: 0 milliseconds
	at eBaytests.HomePageUtilitiesTests2.under10utilityTest(HomePageUtilitiesTests2.java:51)
Caused by: org.openqa.selenium.ElementNotVisibleException: 
element not visible
  (Session info: chrome=60.0.3112.78)
  (Driver info: chromedriver=2.31.488774 (7e15618d1bf16df8bf0ecf2914ed1964a387ba0b),platform=Mac OS X 10.12.6 x86_64) (WARNING: The server did not provide any stacktrace information)
Command duration or timeout: 40 milliseconds
Build info: version: '2.53.0', revision: '35ae25b', time: '2016-03-15 17:00:58'
System info: host: 'mac-208-52-145-18.browserstack.com', ip: '208.52.145.18', os.name: 'Mac OS X', os.arch: 'x86_64', os.version: '10.12.6', java.version: '1.8.0_51'
Driver info: org.openqa.selenium.chrome.ChromeDriver
Capabilities [{applicationCacheEnabled=false, rotatable=false, mobileEmulationEnabled=false, networkConnectionEnabled=false, chrome={chromedriverVersion=2.31.488774 (7e15618d1bf16df8bf0ecf2914ed1964a387ba0b), userDataDir=/var/folders/3y/zz_w6_s56sl__vcrf3r5bhzr0000hr/T/.org.chromium.Chromium.jn4dsP}, takesHeapSnapshot=true, pageLoadStrategy=normal, databaseEnabled=false, handlesAlerts=true, hasTouchScreen=false, version=60.0.3112.78, platform=MAC, browserConnectionEnabled=false, nativeEvents=true, acceptSslCerts=true, locationContextEnabled=true, webStorageEnabled=true, browserName=chrome, takesScreenshot=true, javascriptEnabled=true, cssSelectorsEnabled=true, setWindowRect=true, unexpectedAlertBehaviour=}]
Session ID: 8c9da8a925d33fdf64248798d02f9968
Build info: version: '3.141.59', revision: 'e82be7d358', time: '2018-11-14T08:17:03'
System info: host: 'Joshuas-MacBook-Air.local', ip: 'fe80:0:0:0:e1:e168:1f47:646a%en0', os.name: 'Mac OS X', os.arch: 'x86_64', os.version: '10.14.1', java.version: '1.8.0_191'
Driver info: driver.version: RemoteWebDriver
</failure>
    <system-out><![CDATA[HomePageUtilitiesTests2: under 10 utility Test
HomePageUtilitiesTests2: under 10 Utility
]]></system-out>
    <system-err><![CDATA[Jan 17, 2019 10:42:37 PM org.openqa.selenium.remote.ProtocolHandshake createSession
INFO: Detected dialect: OSS
]]></system-err>
  </testcase>
  <testcase name="addItemToCartTest" classname="eBaytests.PurchseTest" time="13.418"/>
  <testcase name="purchaseAnItemTest" classname="eBaytests.PurchseTest" time="20.75"/>
  <testcase name="registerNewUserTest" classname="eBaytests.signInTest" time="3.132"/>
  <testcase name="signInTest" classname="eBaytests.signInTest" time="7.171"/>
  <testcase name="saveTheSearchOfSpecificItemTest" classname="eBaytests.SearchTests" time="10.946"/>
  <testcase name="searchByUsingKeywordTest" classname="eBaytests.SearchTests" time="2.257"/>
  <testcase name="searchItemWithItemNumberTest" classname="eBaytests.SearchTests" time="3.106"/>
  <testcase name="searchbuttonTest" classname="eBaytests.SearchTests" time="3.786"/>
  <testcase name="usingSearchBarTest" classname="eBaytests.SearchTests" time="3.961"/>
  <testcase name="seeAllDailyDealsTest" classname="eBaytests.HomePageFeaturesTests" time="4.223"/>
  <testcase name="seeAllEditorPicksTest" classname="eBaytests.HomePageFeaturesTests" time="3.331">
    <failure message="expected [Editor&apos;s Picks] but found [Editors’ Picks]" type="java.lang.AssertionError">java.lang.AssertionError: expected [Editor's Picks] but found [Editors’ Picks]
	at eBaytests.HomePageFeaturesTests.seeAllEditorPicksTest(HomePageFeaturesTests.java:41)
</failure>
    <system-out><![CDATA[HomePageFeaturesTests: see All Editor Picks Test
HomePageFeaturesTests: see All Editor Picks
]]></system-out>
    <system-err><![CDATA[Jan 17, 2019 10:46:38 PM org.openqa.selenium.remote.ProtocolHandshake createSession
INFO: Detected dialect: OSS
]]></system-err>
  </testcase>
  <testcase name="seeAllFeaturedSalesAndEventsTest" classname="eBaytests.HomePageFeaturesTests" time="3.978"/>
  <testcase name="seeAllTrendsFeatureTest" classname="eBaytests.HomePageFeaturesTests" time="1.925"/>
  <testcase name="trendingDealsArrowButtonsTest" classname="eBaytests.HomePageFeaturesTests" time="4.896"/>
  <testcase name="antiquesTest" classname="eBaytests.AllCategoriesDropDownTest" time="3.445"/>
  <testcase name="artTest" classname="eBaytests.AllCategoriesDropDownTest" time="3.098"/>
  <testcase name="babyTest" classname="eBaytests.AllCategoriesDropDownTest" time="5.722"/>
  <testcase name="booksTest" classname="eBaytests.AllCategoriesDropDownTest" time="4.517"/>
  <testcase name="businessAndIndusrialTest" classname="eBaytests.AllCategoriesDropDownTest" time="4.178"/>
  <testcase name="camerasAndPhotoTest" classname="eBaytests.AllCategoriesDropDownTest" time="5.319"/>
  <testcase name="cellPhonesAndAccesoriesTest" classname="eBaytests.AllCategoriesDropDownTest" time="3.08"/>
  <testcase name="clothingShoesAndAccesoriesTest" classname="eBaytests.AllCategoriesDropDownTest" time="4.838"/>
  <testcase name="everythingElseTest" classname="eBaytests.AllCategoriesDropDownTest" time="6.43"/>
  <testcase name="selectCollectiblesAndArtFromDropDownTest" classname="eBaytests.ShopByCategoriesTest" time="4.183"/>
  <testcase name="selectElectronicsFromDropDownTest" classname="eBaytests.ShopByCategoriesTest" time="4.246"/>
  <testcase name="selectEntertainmentMemorabiliaFromDropDownTest" classname="eBaytests.ShopByCategoriesTest" time="2.934"/>
  <testcase name="selectFashionFromDropDownTest" classname="eBaytests.ShopByCategoriesTest" time="6.247"/>
  <testcase name="selectHomeAndGardenFromDropDownTest" classname="eBaytests.ShopByCategoriesTest" time="5.058"/>
  <testcase name="selectMotorsFromDropDownTest" classname="eBaytests.ShopByCategoriesTest" time="4.254"/>
  <testcase name="selectOtherCategoriesFromDropDownTest" classname="eBaytests.ShopByCategoriesTest" time="3.352"/>
  <testcase name="selectSportingGoodsFromDropDownTest" classname="eBaytests.ShopByCategoriesTest" time="5.009"/>
  <testcase name="selectToysAndHobbiesFromDropDownTest" classname="eBaytests.ShopByCategoriesTest" time="4.342"/>
  <testcase name="listItemForSaleTest" classname="eBaytests.ListItemForSaleTest" time="1.563"/>
  <testcase name="searchFromDbTest" classname="datadriven.DataBaseTest" time="14.232"/>
  <testcase name="searchDataFoundTest" classname="datadriven.ExcelFileReaderTest" time="15.138"/>
  <testcase name="LogInByUsingGoogleSheetTest" classname="datadriven.SignInUsingGoogleSheet" time="4.901">
    <failure message="com.google.api.client.googleapis.services.json.AbstractGoogleJsonClient$Builder.setBatchPath(Ljava/lang/String;)Lcom/google/api/client/googleapis/services/AbstractGoogleClient$Builder;" type="java.lang.NoSuchMethodError">java.lang.NoSuchMethodError: com.google.api.client.googleapis.services.json.AbstractGoogleJsonClient$Builder.setBatchPath(Ljava/lang/String;)Lcom/google/api/client/googleapis/services/AbstractGoogleClient$Builder;
	at datadriven.SignInUsingGoogleSheet.LogInByUsingGoogleSheetTest(SignInUsingGoogleSheet.java:22)
</failure>
    <system-out><![CDATA[979704 [main] DEBUG freemarker.cache  - Couldn't find template in cache for "Extent.ftl"("en_US", UTF-8, parsed); will try to load it.
979704 [main] DEBUG freemarker.cache  - Couldn't find template in cache for "Extent.ftl"("en_US", UTF-8, parsed); will try to load it.
979704 [main] DEBUG freemarker.cache  - TemplateLoader.findTemplateSource("Extent_en_US.ftl"): Not found
979704 [main] DEBUG freemarker.cache  - TemplateLoader.findTemplateSource("Extent_en_US.ftl"): Not found
979705 [main] DEBUG freemarker.cache  - TemplateLoader.findTemplateSource("Extent_en.ftl"): Not found
979705 [main] DEBUG freemarker.cache  - TemplateLoader.findTemplateSource("Extent_en.ftl"): Not found
979705 [main] DEBUG freemarker.cache  - TemplateLoader.findTemplateSource("Extent.ftl"): Found
979705 [main] DEBUG freemarker.cache  - TemplateLoader.findTemplateSource("Extent.ftl"): Found
979705 [main] DEBUG freemarker.cache  - Loading template for "Extent.ftl"("en_US", UTF-8, parsed) from "jar:file:/Users/joshuasmba/.m2/repository/com/relevantcodes/extentreports/2.41.1/extentreports-2.41.1.jar!/com/relevantcodes/extentreports/view/Extent.ftl"
979705 [main] DEBUG freemarker.cache  - Loading template for "Extent.ftl"("en_US", UTF-8, parsed) from "jar:file:/Users/joshuasmba/.m2/repository/com/relevantcodes/extentreports/2.41.1/extentreports-2.41.1.jar!/com/relevantcodes/extentreports/view/Extent.ftl"
SignInUsingGoogleSheet: Log In By Using Google Sheet Test
SignInUsingGoogleSheet: test Sign In Using Google Sheet
SignInUsingGoogleSheet: sign In By Reading From Google Sheet
SignInUsingGoogleSheet: get Spread Sheet Records
Credentials saved to /Users/joshuasmba/Documents/amazon/Web-Automation-Framkework/Ebay/.credentials/sheets-googleapis
]]></system-out>
    <system-err><![CDATA[Jan 17, 2019 10:55:28 PM org.openqa.selenium.remote.ProtocolHandshake createSession
INFO: Detected dialect: OSS
]]></system-err>
  </testcase>
  <testcase name="cellPhonesAndAccesoriesTest" classname="eBaytests.AllCategoriesDropDownTest2" time="4.719"/>
  <testcase name="coinsAndPaperMoneyTest" classname="eBaytests.AllCategoriesDropDownTest2" time="4.294"/>
  <testcase name="collectiblesTest" classname="eBaytests.AllCategoriesDropDownTest2" time="4.329"/>
  <testcase name="computerTabletsAndNetworkingTest" classname="eBaytests.AllCategoriesDropDownTest2" time="4.407"/>
  <testcase name="consumerElectronicsTest" classname="eBaytests.AllCategoriesDropDownTest2" time="4.28"/>
  <testcase name="craftsTest" classname="eBaytests.AllCategoriesDropDownTest2" time="2.673"/>
  <testcase name="dollsAndBearsTest" classname="eBaytests.AllCategoriesDropDownTest2" time="3.795"/>
  <testcase name="dvdsAndMoviesTest" classname="eBaytests.AllCategoriesDropDownTest2" time="3.084"/>
  <testcase name="videoGamesAndConsolesTest" classname="eBaytests.AllCategoriesDropDownTest2" time="3.807"/>
  <testcase name="eBayMotorsTest" classname="eBaytests.AllCategoriesDropDownTest3" time="4.664"/>
  <testcase name="entertainmentMemorabiliaTest" classname="eBaytests.AllCategoriesDropDownTest3" time="3.971"/>
  <testcase name="giftCardsAndcouponsTest" classname="eBaytests.AllCategoriesDropDownTest3" time="3.526"/>
  <testcase name="healthAndBeautyTest" classname="eBaytests.AllCategoriesDropDownTest3" time="4.815"/>
  <testcase name="homeAndGardenTest" classname="eBaytests.AllCategoriesDropDownTest3" time="3.995"/>
  <testcase name="jewelryAndWatchesTest" classname="eBaytests.AllCategoriesDropDownTest3" time="4.018"/>
  <testcase name="musicTest" classname="eBaytests.AllCategoriesDropDownTest3" time="5.114"/>
  <testcase name="musicalInstrumentsAndGearTest" classname="eBaytests.AllCategoriesDropDownTest3" time="4.334"/>
  <testcase name="petSuppliesTest" classname="eBaytests.AllCategoriesDropDownTest3" time="22.334">
    <failure message="Cannot locate element with text: Pet supplies&#10;For documentation on this error, please visit: https://www.seleniumhq.org/exceptions/no_such_element.html&#10;Build info: version: &apos;3.141.59&apos;, revision: &apos;e82be7d358&apos;, time: &apos;2018-11-14T08:17:03&apos;&#10;System info: host: &apos;Joshuas-MacBook-Air.local&apos;, ip: &apos;fe80:0:0:0:e1:e168:1f47:646a%en0&apos;, os.name: &apos;Mac OS X&apos;, os.arch: &apos;x86_64&apos;, os.version: &apos;10.14.1&apos;, java.version: &apos;1.8.0_191&apos;&#10;Driver info: driver.version: unknown" type="org.openqa.selenium.NoSuchElementException">org.openqa.selenium.NoSuchElementException: 
Cannot locate element with text: Pet supplies
For documentation on this error, please visit: https://www.seleniumhq.org/exceptions/no_such_element.html
Build info: version: '3.141.59', revision: 'e82be7d358', time: '2018-11-14T08:17:03'
System info: host: 'Joshuas-MacBook-Air.local', ip: 'fe80:0:0:0:e1:e168:1f47:646a%en0', os.name: 'Mac OS X', os.arch: 'x86_64', os.version: '10.14.1', java.version: '1.8.0_191'
Driver info: driver.version: unknown
	at eBaytests.AllCategoriesDropDownTest3.petSuppliesTest(AllCategoriesDropDownTest3.java:60)
</failure>
    <system-out><![CDATA[1320929 [main] DEBUG freemarker.cache  - Couldn't find template in cache for "Extent.ftl"("en_US", UTF-8, parsed); will try to load it.
1320929 [main] DEBUG freemarker.cache  - Couldn't find template in cache for "Extent.ftl"("en_US", UTF-8, parsed); will try to load it.
1320929 [main] DEBUG freemarker.cache  - TemplateLoader.findTemplateSource("Extent_en_US.ftl"): Not found
1320929 [main] DEBUG freemarker.cache  - TemplateLoader.findTemplateSource("Extent_en_US.ftl"): Not found
1320930 [main] DEBUG freemarker.cache  - TemplateLoader.findTemplateSource("Extent_en.ftl"): Not found
1320930 [main] DEBUG freemarker.cache  - TemplateLoader.findTemplateSource("Extent_en.ftl"): Not found
1320930 [main] DEBUG freemarker.cache  - TemplateLoader.findTemplateSource("Extent.ftl"): Found
1320930 [main] DEBUG freemarker.cache  - TemplateLoader.findTemplateSource("Extent.ftl"): Found
1320930 [main] DEBUG freemarker.cache  - Loading template for "Extent.ftl"("en_US", UTF-8, parsed) from "jar:file:/Users/joshuasmba/.m2/repository/com/relevantcodes/extentreports/2.41.1/extentreports-2.41.1.jar!/com/relevantcodes/extentreports/view/Extent.ftl"
1320930 [main] DEBUG freemarker.cache  - Loading template for "Extent.ftl"("en_US", UTF-8, parsed) from "jar:file:/Users/joshuasmba/.m2/repository/com/relevantcodes/extentreports/2.41.1/extentreports-2.41.1.jar!/com/relevantcodes/extentreports/view/Extent.ftl"
AllCategoriesDropDownTest3: pet Supplies Test
AllCategoriesDropDownTest3: select Pet Supplies From Drop Down
]]></system-out>
    <system-err><![CDATA[Jan 17, 2019 11:01:09 PM org.openqa.selenium.remote.ProtocolHandshake createSession
INFO: Detected dialect: OSS
]]></system-err>
  </testcase>
  <testcase name="potteryAndGlassTest" classname="eBaytests.AllCategoriesDropDownTest4" time="3.788"/>
  <testcase name="realStateTest" classname="eBaytests.AllCategoriesDropDownTest4" time="22.329">
    <failure message="Cannot locate element with text: Real State&#10;For documentation on this error, please visit: https://www.seleniumhq.org/exceptions/no_such_element.html&#10;Build info: version: &apos;3.141.59&apos;, revision: &apos;e82be7d358&apos;, time: &apos;2018-11-14T08:17:03&apos;&#10;System info: host: &apos;Joshuas-MacBook-Air.local&apos;, ip: &apos;fe80:0:0:0:e1:e168:1f47:646a%en0&apos;, os.name: &apos;Mac OS X&apos;, os.arch: &apos;x86_64&apos;, os.version: &apos;10.14.1&apos;, java.version: &apos;1.8.0_191&apos;&#10;Driver info: driver.version: unknown" type="org.openqa.selenium.NoSuchElementException">org.openqa.selenium.NoSuchElementException: 
Cannot locate element with text: Real State
For documentation on this error, please visit: https://www.seleniumhq.org/exceptions/no_such_element.html
Build info: version: '3.141.59', revision: 'e82be7d358', time: '2018-11-14T08:17:03'
System info: host: 'Joshuas-MacBook-Air.local', ip: 'fe80:0:0:0:e1:e168:1f47:646a%en0', os.name: 'Mac OS X', os.arch: 'x86_64', os.version: '10.14.1', java.version: '1.8.0_191'
Driver info: driver.version: unknown
	at eBaytests.AllCategoriesDropDownTest4.realStateTest(AllCategoriesDropDownTest4.java:25)
</failure>
    <system-out><![CDATA[1377714 [main] DEBUG freemarker.cache  - Couldn't find template in cache for "Extent.ftl"("en_US", UTF-8, parsed); will try to load it.
1377714 [main] DEBUG freemarker.cache  - Couldn't find template in cache for "Extent.ftl"("en_US", UTF-8, parsed); will try to load it.
1377715 [main] DEBUG freemarker.cache  - TemplateLoader.findTemplateSource("Extent_en_US.ftl"): Not found
1377715 [main] DEBUG freemarker.cache  - TemplateLoader.findTemplateSource("Extent_en_US.ftl"): Not found
1377715 [main] DEBUG freemarker.cache  - TemplateLoader.findTemplateSource("Extent_en.ftl"): Not found
1377715 [main] DEBUG freemarker.cache  - TemplateLoader.findTemplateSource("Extent_en.ftl"): Not found
1377716 [main] DEBUG freemarker.cache  - TemplateLoader.findTemplateSource("Extent.ftl"): Found
1377716 [main] DEBUG freemarker.cache  - TemplateLoader.findTemplateSource("Extent.ftl"): Found
1377716 [main] DEBUG freemarker.cache  - Loading template for "Extent.ftl"("en_US", UTF-8, parsed) from "jar:file:/Users/joshuasmba/.m2/repository/com/relevantcodes/extentreports/2.41.1/extentreports-2.41.1.jar!/com/relevantcodes/extentreports/view/Extent.ftl"
1377716 [main] DEBUG freemarker.cache  - Loading template for "Extent.ftl"("en_US", UTF-8, parsed) from "jar:file:/Users/joshuasmba/.m2/repository/com/relevantcodes/extentreports/2.41.1/extentreports-2.41.1.jar!/com/relevantcodes/extentreports/view/Extent.ftl"
AllCategoriesDropDownTest4: real State Test
AllCategoriesDropDownTest4: select Realstate From Drop Down
]]></system-out>
    <system-err><![CDATA[Jan 17, 2019 11:02:08 PM org.openqa.selenium.remote.ProtocolHandshake createSession
INFO: Detected dialect: OSS
]]></system-err>
  </testcase>
  <testcase name="specialtyServicesTest" classname="eBaytests.AllCategoriesDropDownTest4" time="4.301"/>
  <testcase name="sportingGoodsTest" classname="eBaytests.AllCategoriesDropDownTest4" time="3.631"/>
  <testcase name="sportsMemCardsAndFanShop" classname="eBaytests.AllCategoriesDropDownTest4" time="3.966"/>
  <testcase name="stampsTest" classname="eBaytests.AllCategoriesDropDownTest4" time="4.682"/>
  <testcase name="ticketsAndExperiencesTest" classname="eBaytests.AllCategoriesDropDownTest4" time="12.837">
    <failure message="Cannot locate element with text:  Tickets &amp; Experiences&#10;For documentation on this error, please visit: https://www.seleniumhq.org/exceptions/no_such_element.html&#10;Build info: version: &apos;3.141.59&apos;, revision: &apos;e82be7d358&apos;, time: &apos;2018-11-14T08:17:03&apos;&#10;System info: host: &apos;Joshuas-MacBook-Air.local&apos;, ip: &apos;fe80:0:0:0:e1:e168:1f47:646a%en0&apos;, os.name: &apos;Mac OS X&apos;, os.arch: &apos;x86_64&apos;, os.version: &apos;10.14.1&apos;, java.version: &apos;1.8.0_191&apos;&#10;Driver info: driver.version: unknown" type="org.openqa.selenium.NoSuchElementException"><![CDATA[org.openqa.selenium.NoSuchElementException: 
Cannot locate element with text:  Tickets & Experiences
For documentation on this error, please visit: https://www.seleniumhq.org/exceptions/no_such_element.html
Build info: version: '3.141.59', revision: 'e82be7d358', time: '2018-11-14T08:17:03'
System info: host: 'Joshuas-MacBook-Air.local', ip: 'fe80:0:0:0:e1:e168:1f47:646a%en0', os.name: 'Mac OS X', os.arch: 'x86_64', os.version: '10.14.1', java.version: '1.8.0_191'
Driver info: driver.version: unknown
	at eBaytests.AllCategoriesDropDownTest4.ticketsAndExperiencesTest(AllCategoriesDropDownTest4.java:50)
]]></failure>
    <system-out><![CDATA[1491095 [main] DEBUG freemarker.cache  - Couldn't find template in cache for "Extent.ftl"("en_US", UTF-8, parsed); will try to load it.
1491095 [main] DEBUG freemarker.cache  - Couldn't find template in cache for "Extent.ftl"("en_US", UTF-8, parsed); will try to load it.
1491096 [main] DEBUG freemarker.cache  - TemplateLoader.findTemplateSource("Extent_en_US.ftl"): Not found
1491096 [main] DEBUG freemarker.cache  - TemplateLoader.findTemplateSource("Extent_en_US.ftl"): Not found
1491096 [main] DEBUG freemarker.cache  - TemplateLoader.findTemplateSource("Extent_en.ftl"): Not found
1491096 [main] DEBUG freemarker.cache  - TemplateLoader.findTemplateSource("Extent_en.ftl"): Not found
1491097 [main] DEBUG freemarker.cache  - TemplateLoader.findTemplateSource("Extent.ftl"): Found
1491097 [main] DEBUG freemarker.cache  - TemplateLoader.findTemplateSource("Extent.ftl"): Found
1491097 [main] DEBUG freemarker.cache  - Loading template for "Extent.ftl"("en_US", UTF-8, parsed) from "jar:file:/Users/joshuasmba/.m2/repository/com/relevantcodes/extentreports/2.41.1/extentreports-2.41.1.jar!/com/relevantcodes/extentreports/view/Extent.ftl"
1491097 [main] DEBUG freemarker.cache  - Loading template for "Extent.ftl"("en_US", UTF-8, parsed) from "jar:file:/Users/joshuasmba/.m2/repository/com/relevantcodes/extentreports/2.41.1/extentreports-2.41.1.jar!/com/relevantcodes/extentreports/view/Extent.ftl"
AllCategoriesDropDownTest4: tickets And Experiences Test
AllCategoriesDropDownTest4: select Tickets And Experiences From Drop Down
]]></system-out>
    <system-err><![CDATA[Jan 17, 2019 11:04:06 PM org.openqa.selenium.remote.ProtocolHandshake createSession
INFO: Detected dialect: OSS
]]></system-err>
  </testcase>
  <testcase name="toysAndHobbiesTest" classname="eBaytests.AllCategoriesDropDownTest4" time="3.901"/>
  <testcase name="travelTest" classname="eBaytests.AllCategoriesDropDownTest4" time="5.437"/>
</testsuite>