<?xml version="1.0" encoding="UTF-8"?>
<!-- Generated by org.testng.reporters.JUnitReportReporter -->
<testsuite skipped="0" hostname="Joshuas-MacBook-Air.local" name="eBaytests.AllCategoriesDropDownTest3" tests="9" failures="0" timestamp="18 Jan 2019 04:05:58 GMT" time="188.855" errors="1">
  <testcase name="musicTest" time="19.931" classname="eBaytests.AllCategoriesDropDownTest3"/>
  <testcase name="musicalInstrumentsAndGearTest" time="19.400" classname="eBaytests.AllCategoriesDropDownTest3"/>
  <testcase name="eBayMotorsTest" time="18.986" classname="eBaytests.AllCategoriesDropDownTest3"/>
  <testcase name="petSuppliesTest" time="36.788" classname="eBaytests.AllCategoriesDropDownTest3">
    <error type="org.openqa.selenium.NoSuchElementException" message="Cannot locate element with text: Pet supplies
For documentation on this error, please visit: https://www.seleniumhq.org/exceptions/no_such_element.html
Build info: version: &#039;3.141.59&#039;, revision: &#039;e82be7d358&#039;, time: &#039;2018-11-14T08:17:03&#039;
System info: host: &#039;Joshuas-MacBook-Air.local&#039;, ip: &#039;fe80:0:0:0:e1:e168:1f47:646a%en0&#039;, os.name: &#039;Mac OS X&#039;, os.arch: &#039;x86_64&#039;, os.version: &#039;10.14.1&#039;, java.version: &#039;1.8.0_191&#039;
Driver info: driver.version: unknown">
      <![CDATA[org.openqa.selenium.NoSuchElementException: Cannot locate element with text: Pet supplies
For documentation on this error, please visit: https://www.seleniumhq.org/exceptions/no_such_element.html
Build info: version: '3.141.59', revision: 'e82be7d358', time: '2018-11-14T08:17:03'
System info: host: 'Joshuas-MacBook-Air.local', ip: 'fe80:0:0:0:e1:e168:1f47:646a%en0', os.name: 'Mac OS X', os.arch: 'x86_64', os.version: '10.14.1', java.version: '1.8.0_191'
Driver info: driver.version: unknown
at org.openqa.selenium.support.ui.Select.selectByVisibleText(Select.java:147)
at eBayUtil.AllCategoriesDropDown.selectPetSuppliesFromDropDown(AllCategoriesDropDown.java:156)
at eBaytests.AllCategoriesDropDownTest3.petSuppliesTest(AllCategoriesDropDownTest3.java:60)
at sun.reflect.NativeMethodAccessorImpl.invoke0(Native Method)
at sun.reflect.NativeMethodAccessorImpl.invoke(NativeMethodAccessorImpl.java:62)
at sun.reflect.DelegatingMethodAccessorImpl.invoke(DelegatingMethodAccessorImpl.java:43)
at java.lang.reflect.Method.invoke(Method.java:498)
at org.testng.internal.MethodInvocationHelper.invokeMethod(MethodInvocationHelper.java:124)
at org.testng.internal.Invoker.invokeMethod(Invoker.java:583)
at org.testng.internal.Invoker.invokeTestMethod(Invoker.java:719)
at org.testng.internal.Invoker.invokeTestMethods(Invoker.java:989)
at org.testng.internal.TestMethodWorker.invokeTestMethods(TestMethodWorker.java:125)
at org.testng.internal.TestMethodWorker.run(TestMethodWorker.java:109)
at org.testng.TestRunner.privateRun(TestRunner.java:648)
at org.testng.TestRunner.run(TestRunner.java:505)
at org.testng.SuiteRunner.runTest(SuiteRunner.java:455)
at org.testng.SuiteRunner.runSequentially(SuiteRunner.java:450)
at org.testng.SuiteRunner.privateRun(SuiteRunner.java:415)
at org.testng.SuiteRunner.run(SuiteRunner.java:364)
at org.testng.SuiteRunnerWorker.runSuite(SuiteRunnerWorker.java:52)
at org.testng.SuiteRunnerWorker.run(SuiteRunnerWorker.java:84)
at org.testng.TestNG.runSuitesSequentially(TestNG.java:1208)
at org.testng.TestNG.runSuitesLocally(TestNG.java:1137)
at org.testng.TestNG.runSuites(TestNG.java:1049)
at org.testng.TestNG.run(TestNG.java:1017)
at org.apache.maven.surefire.testng.TestNGExecutor.run(TestNGExecutor.java:283)
at org.apache.maven.surefire.testng.TestNGXmlTestSuite.execute(TestNGXmlTestSuite.java:75)
at org.apache.maven.surefire.testng.TestNGProvider.invoke(TestNGProvider.java:120)
at org.apache.maven.surefire.booter.ForkedBooter.invokeProviderInSameClassLoader(ForkedBooter.java:384)
at org.apache.maven.surefire.booter.ForkedBooter.runSuitesInProcess(ForkedBooter.java:345)
at org.apache.maven.surefire.booter.ForkedBooter.execute(ForkedBooter.java:126)
at org.apache.maven.surefire.booter.ForkedBooter.main(ForkedBooter.java:418)
]]>
    </error>
  </testcase> <!-- petSuppliesTest -->
  <testcase name="entertainmentMemorabiliaTest" time="19.254" classname="eBaytests.AllCategoriesDropDownTest3"/>
  <testcase name="healthAndBeautyTest" time="19.749" classname="eBaytests.AllCategoriesDropDownTest3"/>
  <testcase name="homeAndGardenTest" time="19.366" classname="eBaytests.AllCategoriesDropDownTest3"/>
  <testcase name="giftCardsAndcouponsTest" time="17.448" classname="eBaytests.AllCategoriesDropDownTest3"/>
  <testcase name="jewelryAndWatchesTest" time="17.933" classname="eBaytests.AllCategoriesDropDownTest3"/>
</testsuite> <!-- eBaytests.AllCategoriesDropDownTest3 -->
